<?xml version="1.0" encoding="UTF-8"?>
<testng-results ignored="0" total="3" passed="3" failed="0" skipped="0">
  <reporter-output>
  </reporter-output>
  <suite started-at="2020-10-04T08:02:35Z" name="Default suite" finished-at="2020-10-04T08:03:19Z" duration-ms="44188">
    <groups>
      <group name="cucumber">
        <method signature="AbstractTestNGCucumberTests.runScenario(io.cucumber.testng.PickleWrapper, io.cucumber.testng.FeatureWrapper)[pri:0, instance:cucum.toolqa.grp.testrunner.testrunner@4d154ccd]" name="runScenario" class="io.cucumber.testng.AbstractTestNGCucumberTests"/>
      </group> <!-- cucumber -->
    </groups>
    <test started-at="2020-10-04T08:02:35Z" name="Default test" finished-at="2020-10-04T08:03:19Z" duration-ms="44188">
      <class name="cucum.toolqa.grp.testrunner.testrunner">
        <test-method is-config="true" signature="setUpClass()[pri:0, instance:cucum.toolqa.grp.testrunner.testrunner@4d154ccd]" started-at="2020-10-04T08:02:35Z" name="setUpClass" finished-at="2020-10-04T08:02:35Z" duration-ms="386" status="PASS">
          <reporter-output>
          </reporter-output>
        </test-method> <!-- setUpClass -->
        <test-method signature="runScenario(io.cucumber.testng.PickleWrapper, io.cucumber.testng.FeatureWrapper)[pri:0, instance:cucum.toolqa.grp.testrunner.testrunner@4d154ccd]" started-at="2020-10-04T08:02:35Z" name="runScenario" description="Runs Cucumber Scenarios" data-provider="scenarios" finished-at="2020-10-04T08:02:50Z" duration-ms="14509" status="PASS">
          <params>
            <param index="0">
              <value>
                <![CDATA["Validate User Can add and Delete Address"]]>
              </value>
            </param>
            <param index="1">
              <value>
                <![CDATA["Optional[User can add and delete address]"]]>
              </value>
            </param>
          </params>
          <reporter-output>
          </reporter-output>
        </test-method> <!-- runScenario -->
        <test-method signature="runScenario(io.cucumber.testng.PickleWrapper, io.cucumber.testng.FeatureWrapper)[pri:0, instance:cucum.toolqa.grp.testrunner.testrunner@4d154ccd]" started-at="2020-10-04T08:02:50Z" name="runScenario" description="Runs Cucumber Scenarios" data-provider="scenarios" finished-at="2020-10-04T08:03:07Z" duration-ms="17318" status="PASS">
          <params>
            <param index="0">
              <value>
                <![CDATA["Validate Adding Book to Cart is displayed in shopping cart"]]>
              </value>
            </param>
            <param index="1">
              <value>
                <![CDATA["Optional[Validate Login to nopCommerce]"]]>
              </value>
            </param>
          </params>
          <reporter-output>
          </reporter-output>
        </test-method> <!-- runScenario -->
        <test-method signature="runScenario(io.cucumber.testng.PickleWrapper, io.cucumber.testng.FeatureWrapper)[pri:0, instance:cucum.toolqa.grp.testrunner.testrunner@4d154ccd]" started-at="2020-10-04T08:03:07Z" name="runScenario" description="Runs Cucumber Scenarios" data-provider="scenarios" finished-at="2020-10-04T08:03:19Z" duration-ms="11899" status="PASS">
          <params>
            <param index="0">
              <value>
                <![CDATA["Validate Adding Book to Cart is displayed in shopping cart"]]>
              </value>
            </param>
            <param index="1">
              <value>
                <![CDATA["Optional[Validate Login to nopCommerce]"]]>
              </value>
            </param>
          </params>
          <reporter-output>
          </reporter-output>
        </test-method> <!-- runScenario -->
        <test-method is-config="true" signature="tearDownClass()[pri:0, instance:cucum.toolqa.grp.testrunner.testrunner@4d154ccd]" started-at="2020-10-04T08:03:19Z" name="tearDownClass" finished-at="2020-10-04T08:03:19Z" duration-ms="35" status="PASS">
          <reporter-output>
          </reporter-output>
        </test-method> <!-- tearDownClass -->
      </class> <!-- cucum.toolqa.grp.testrunner.testrunner -->
    </test> <!-- Default test -->
  </suite> <!-- Default suite -->
</testng-results>
